<?xml version="1.0" encoding="UTF-8"?>
<!-- Generated by org.testng.reporters.JUnitReportReporter -->
<testsuite skipped="0" hostname="ishwarsukhani" name="com.app.tests.SignUp" tests="1" failures="0" timestamp="20 Dec 2018 13:39:59 GMT" time="10.644" errors="0">
  <testcase name="testSignUp" time="10.644" classname="com.app.tests.SignUp"/>
</testsuite> <!-- com.app.tests.SignUp -->
